0 info it worked if it ends with ok
1 verbose cli [ '/usr/local/bin/node', '/usr/local/bin/npm', 'publish' ]
2 info using npm@3.10.7
3 info using node@v6.4.0
4 verbose publish [ '.' ]
5 silly cache add args [ '.', null ]
6 verbose cache add spec .
7 silly cache add parsed spec Result {
7 silly cache add   raw: '.',
7 silly cache add   scope: null,
7 silly cache add   escapedName: null,
7 silly cache add   name: null,
7 silly cache add   rawSpec: '.',
7 silly cache add   spec: '/Users/philipyoung/Sites/Framework Project/calendar',
7 silly cache add   type: 'directory' }
8 verbose addLocalDirectory /Users/philipyoung/.npm/@philipyoungg/calendar/0.2.3/package.tgz not in flight; packing
9 verbose correctMkdir /Users/philipyoung/.npm correctMkdir not in flight; initializing
10 info lifecycle @philipyoungg/calendar@0.2.3~prepublish: @philipyoungg/calendar@0.2.3
11 silly lifecycle @philipyoungg/calendar@0.2.3~prepublish: no script for prepublish, continuing
12 verbose tar pack [ '/Users/philipyoung/.npm/@philipyoungg/calendar/0.2.3/package.tgz',
12 verbose tar pack   '/Users/philipyoung/Sites/Framework Project/calendar' ]
13 verbose tarball /Users/philipyoung/.npm/@philipyoungg/calendar/0.2.3/package.tgz
14 verbose folder /Users/philipyoung/Sites/Framework Project/calendar
15 verbose addLocalTarball adding from inside cache /Users/philipyoung/.npm/@philipyoungg/calendar/0.2.3/package.tgz
16 verbose correctMkdir /Users/philipyoung/.npm correctMkdir not in flight; initializing
17 silly cache afterAdd @philipyoungg/calendar@0.2.3
18 verbose afterAdd /Users/philipyoung/.npm/@philipyoungg/calendar/0.2.3/package/package.json not in flight; writing
19 verbose correctMkdir /Users/philipyoung/.npm correctMkdir not in flight; initializing
20 verbose afterAdd /Users/philipyoung/.npm/@philipyoungg/calendar/0.2.3/package/package.json written
21 silly publish { name: '@philipyoungg/calendar',
21 silly publish   version: '0.2.3',
21 silly publish   description: 'a function that returns calendar in array format',
21 silly publish   main: 'calendar.js',
21 silly publish   scripts:
21 silly publish    { test: 'echo "Error: no test specified" && exit 1',
21 silly publish      build: 'babel src -o index.js' },
21 silly publish   repository:
21 silly publish    { type: 'git',
21 silly publish      url: 'git+https://github.com/philipyoungg/calendar.js.git' },
21 silly publish   keywords: [ 'calendar' ],
21 silly publish   author:
21 silly publish    { name: 'Philip Young Gunawan',
21 silly publish      email: 'hello@philipyoungg.com',
21 silly publish      url: 'http://www.philipyoungg.com' },
21 silly publish   license: 'ISC',
21 silly publish   bugs: { url: 'https://github.com/philipyoungg/calendar.js/issues' },
21 silly publish   homepage: 'https://github.com/philipyoungg/calendar.js#readme',
21 silly publish   devDependencies: { 'babel-cli': '^6.14.0', 'babel-preset-es2015': '^6.14.0' },
21 silly publish   readme: '# calendar.js\n\n**Currently works in Node environment only**\n\na function that returns chosen month in array\n\n## Motivation\nA bare minimum calendar that could be used to render UI from the array. I made this to create a bare bone month view for my personal project in React\n\n*react components coming soon*\n\n## How to use\n```javascript\n// if no arguments provided, the function defaults to current month and year\nvar config = {\n\tmonth: 8,\n\tyear: 2016,\n\tstartDay: 0 // equivalent to Monday\n}\nvar cal = calendar(config);\nconsole.log(cal)\n// {\n//  data: [\n//    [1, 2, 3, 4, 5, 6, 7],\n//    [8, 9, 10, 11, 12, 13, 14],\n//    [15, 16, 17, 18, 19, 20, 21],\n//    [22, 23, 24, 25, 26, 27, 28],\n//    [29, 30, 31, 0, 0, 0, 0]\n//  ],\n//  dayNumber: [1, 2, 3, 4, 5, 6, 0],\n//  month: 8,\n//  startDay: 0,\n//  year: 2016\n// }\n```\n\n- `data` is an array which contains an array in week\n- `dayNumber` is day in number format. 0 is Sunday, 6 is Saturday. Used if you want to render the day header in month view\n- `month` is the current month\n- `year` is the current year\n- `startDay` is the start day in number format\n\nwith `moment.js` you could convert numeral value to readable day format.\n\n##### example\n```javascript\n// cal.month = 08\nmoment(cal.month, \'M\').format(\'MMMM\') // August\n\n// cal.dayNumber = [1, 2, 3, 4, 5, 6, 0]\nvar dayName = cal.dayNumber.map(function(day) {\n\treturn moment(day, \'d\').format(\'dddd\')\n})\n\nconsole.log(dayName) // ["Monday", "Tuesday", "Wednesday", "Thursday", "Friday", "Saturday", "Sunday"]\n```\n\n\n## API\npass object to the function\n\n##### month\n```javascript\n// Pass the month in number format\nvar cal = calendar({\n\tmonth: 1 // January.\n});\n```\n\n##### year\n```javascript\n// Pass the year in number format\nvar cal = calendar({\n\tyear: 2016\n});\n```\n\n##### startDay\n```javascript\n// Pas the day in number format\nvar cal = calendar({\n\tstartDay: 6 // month view start in Saturday\n});\n```\n',
21 silly publish   readmeFilename: 'README.md',
21 silly publish   gitHead: '9723b8d50082792f2787c1212aac5187bde8a488',
21 silly publish   _id: '@philipyoungg/calendar@0.2.3',
21 silly publish   _shasum: '67581c5f53ebda9f98a1bd42763406f1ccdff285',
21 silly publish   _from: '.' }
22 verbose getPublishConfig undefined
23 silly mapToRegistry name @philipyoungg/calendar
24 silly mapToRegistry scope (from package name) @philipyoungg
25 verbose mapToRegistry no registry URL found in name for scope @philipyoungg
26 silly mapToRegistry using default registry
27 silly mapToRegistry registry https://registry.npmjs.org/
28 silly mapToRegistry data Result {
28 silly mapToRegistry   raw: '@philipyoungg/calendar',
28 silly mapToRegistry   scope: '@philipyoungg',
28 silly mapToRegistry   escapedName: '@philipyoungg%2fcalendar',
28 silly mapToRegistry   name: '@philipyoungg/calendar',
28 silly mapToRegistry   rawSpec: '',
28 silly mapToRegistry   spec: 'latest',
28 silly mapToRegistry   type: 'tag' }
29 silly mapToRegistry uri https://registry.npmjs.org/@philipyoungg%2fcalendar
30 verbose publish registryBase https://registry.npmjs.org/
31 silly publish uploading /Users/philipyoung/.npm/@philipyoungg/calendar/0.2.3/package.tgz
32 verbose request uri https://registry.npmjs.org/@philipyoungg%2fcalendar
33 verbose request sending authorization for write operation
34 info attempt registry request try #1 at 1:46:49 PM
35 verbose request using bearer token for auth
36 verbose request id 351e5a435b6478f7
37 http request PUT https://registry.npmjs.org/@philipyoungg%2fcalendar
38 http 403 https://registry.npmjs.org/@philipyoungg%2fcalendar
39 verbose headers { 'content-type': 'application/json',
39 verbose headers   'cache-control': 'max-age=0',
39 verbose headers   'content-length': '95',
39 verbose headers   'accept-ranges': 'bytes',
39 verbose headers   date: 'Sat, 24 Sep 2016 06:46:53 GMT',
39 verbose headers   via: '1.1 varnish',
39 verbose headers   connection: 'keep-alive',
39 verbose headers   'x-served-by': 'cache-sin6924-SIN',
39 verbose headers   'x-cache': 'MISS',
39 verbose headers   'x-cache-hits': '0',
39 verbose headers   'x-timer': 'S1474699612.292926,VS0,VE913' }
40 verbose request invalidating /Users/philipyoung/.npm/registry.npmjs.org/_40philipyoungg_252fcalendar on PUT
41 error publish Failed PUT 403
42 verbose stack Error: "You cannot publish over the previously published version 0.2.3." : @philipyoungg/calendar
42 verbose stack     at makeError (/usr/local/lib/node_modules/npm/node_modules/npm-registry-client/lib/request.js:264:12)
42 verbose stack     at CachingRegistryClient.<anonymous> (/usr/local/lib/node_modules/npm/node_modules/npm-registry-client/lib/request.js:252:14)
42 verbose stack     at Request._callback (/usr/local/lib/node_modules/npm/node_modules/npm-registry-client/lib/request.js:172:14)
42 verbose stack     at Request.self.callback (/usr/local/lib/node_modules/npm/node_modules/request/request.js:187:22)
42 verbose stack     at emitTwo (events.js:106:13)
42 verbose stack     at Request.emit (events.js:191:7)
42 verbose stack     at Request.<anonymous> (/usr/local/lib/node_modules/npm/node_modules/request/request.js:1044:10)
42 verbose stack     at emitOne (events.js:96:13)
42 verbose stack     at Request.emit (events.js:188:7)
42 verbose stack     at IncomingMessage.<anonymous> (/usr/local/lib/node_modules/npm/node_modules/request/request.js:965:12)
43 verbose statusCode 403
44 verbose pkgid @philipyoungg/calendar
45 verbose cwd /Users/philipyoung/Sites/Framework Project/calendar
46 error Darwin 16.0.0
47 error argv "/usr/local/bin/node" "/usr/local/bin/npm" "publish"
48 error node v6.4.0
49 error npm  v3.10.7
50 error code E403
51 error "You cannot publish over the previously published version 0.2.3." : @philipyoungg/calendar
52 error If you need help, you may report this error at:
52 error     <https://github.com/npm/npm/issues>
53 verbose exit [ 1, true ]
